# JRE version: 7.0_25-b15
# Java VM: Java HotSpot(TM) 64-Bit Server VM (23.25-b01 mixed mode linux-amd64 compressed oops)
Heap
 PSYoungGen      total 683584K, used 233367K [0x00000007c16b0000, 0x0000000800000000, 0x0000000800000000)
  eden space 341824K, 64% used [0x00000007c16b0000,0x00000007ceccb1d8,0x00000007d6480000)
  from space 341760K, 4% used [0x00000007d6480000,0x00000007d724ae18,0x00000007eb240000)
  to   space 341760K, 0% used [0x00000007eb240000,0x00000007eb240000,0x0000000800000000)
 ParOldGen       total 2050752K, used 1689116K [0x0000000744400000, 0x00000007c16b0000, 0x00000007c16b0000)
  object space 2050752K, 82% used [0x0000000744400000,0x00000007ab587280,0x00000007c16b0000)
 PSPermGen       total 21248K, used 5394K [0x000000073f200000, 0x00000007406c0000, 0x0000000744400000)
  object space 21248K, 25% used [0x000000073f200000,0x000000073f744800,0x00000007406c0000)
GC Heap History (10 events):
Event: 20.553 GC heap before
{Heap before GC invocations=31 (full 5):
 PSYoungGen      total 683584K, used 642080K [0x00000007c16b0000, 0x0000000800000000, 0x0000000800000000)
  eden space 341824K, 100% used [0x00000007c16b0000,0x00000007d6480000,0x00000007d6480000)
  from space 341760K, 87% used [0x00000007d6480000,0x00000007e89b80a0,0x00000007eb240000)
  to   space 341760K, 0% used [0x00000007eb240000,0x00000007eb240000,0x0000000800000000)
 ParOldGen       total 1841408K, used 1314842K [0x0000000744400000, 0x00000007b4a40000, 0x00000007c16b0000)
  object space 1841408K, 71% used [0x0000000744400000,0x0000000794806be0,0x00000007b4a40000)
 PSPermGen       total 21248K, used 4503K [0x000000073f200000, 0x00000007406c0000, 0x0000000744400000)
  object space 21248K, 21% used [0x000000073f200000,0x000000073f665f98,0x00000007406c0000)
Event: 20.726 GC heap after
Heap after GC invocations=31 (full 5):
 PSYoungGen      total 683584K, used 266800K [0x00000007c16b0000, 0x0000000800000000, 0x0000000800000000)
  eden space 341824K, 0% used [0x00000007c16b0000,0x00000007c16b0000,0x00000007d6480000)
  from space 341760K, 78% used [0x00000007eb240000,0x00000007fb6cc050,0x0000000800000000)
  to   space 341760K, 0% used [0x00000007d6480000,0x00000007d6480000,0x00000007eb240000)
 ParOldGen       total 1841408K, used 1377387K [0x0000000744400000, 0x00000007b4a40000, 0x00000007c16b0000)
  object space 1841408K, 74% used [0x0000000744400000,0x000000079851ac20,0x00000007b4a40000)
 PSPermGen       total 21248K, used 4503K [0x000000073f200000, 0x00000007406c0000, 0x0000000744400000)
  object space 21248K, 21% used [0x000000073f200000,0x000000073f665f98,0x00000007406c0000)
}
Event: 21.437 GC heap before
{Heap before GC invocations=32 (full 5):
 PSYoungGen      total 683584K, used 608624K [0x00000007c16b0000, 0x0000000800000000, 0x0000000800000000)
  eden space 341824K, 100% used [0x00000007c16b0000,0x00000007d6480000,0x00000007d6480000)
  from space 341760K, 78% used [0x00000007eb240000,0x00000007fb6cc050,0x0000000800000000)
  to   space 341760K, 0% used [0x00000007d6480000,0x00000007d6480000,0x00000007eb240000)
 ParOldGen       total 1841408K, used 1377387K [0x0000000744400000, 0x00000007b4a40000, 0x00000007c16b0000)
  object space 1841408K, 74% used [0x0000000744400000,0x000000079851ac20,0x00000007b4a40000)
 PSPermGen       total 21248K, used 4504K [0x000000073f200000, 0x00000007406c0000, 0x0000000744400000)
  object space 21248K, 21% used [0x000000073f200000,0x000000073f6660b0,0x00000007406c0000)
Event: 21.608 GC heap after
Heap after GC invocations=32 (full 5):
 PSYoungGen      total 683584K, used 88672K [0x00000007c16b0000, 0x0000000800000000, 0x0000000800000000)
  eden space 341824K, 0% used [0x00000007c16b0000,0x00000007c16b0000,0x00000007d6480000)
  from space 341760K, 25% used [0x00000007d6480000,0x00000007dbb18000,0x00000007eb240000)
  to   space 341760K, 0% used [0x00000007eb240000,0x00000007eb240000,0x0000000800000000)
 ParOldGen       total 1841408K, used 1587257K [0x0000000744400000, 0x00000007b4a40000, 0x00000007c16b0000)
  object space 1841408K, 86% used [0x0000000744400000,0x00000007a520e5f0,0x00000007b4a40000)
 PSPermGen       total 21248K, used 4504K [0x000000073f200000, 0x00000007406c0000, 0x0000000744400000)
  object space 21248K, 21% used [0x000000073f200000,0x000000073f6660b0,0x00000007406c0000)
}
Event: 21.608 GC heap before
{Heap before GC invocations=33 (full 6):
 PSYoungGen      total 683584K, used 88672K [0x00000007c16b0000, 0x0000000800000000, 0x0000000800000000)
  eden space 341824K, 0% used [0x00000007c16b0000,0x00000007c16b0000,0x00000007d6480000)
  from space 341760K, 25% used [0x00000007d6480000,0x00000007dbb18000,0x00000007eb240000)
  to   space 341760K, 0% used [0x00000007eb240000,0x00000007eb240000,0x0000000800000000)
 ParOldGen       total 1841408K, used 1587257K [0x0000000744400000, 0x00000007b4a40000, 0x00000007c16b0000)
  object space 1841408K, 86% used [0x0000000744400000,0x00000007a520e5f0,0x00000007b4a40000)
 PSPermGen       total 21248K, used 4504K [0x000000073f200000, 0x00000007406c0000, 0x0000000744400000)
  object space 21248K, 21% used [0x000000073f200000,0x000000073f6660b0,0x00000007406c0000)
Event: 24.199 GC heap after
Heap after GC invocations=33 (full 6):
 PSYoungGen      total 683584K, used 0K [0x00000007c16b0000, 0x0000000800000000, 0x0000000800000000)
  eden space 341824K, 0% used [0x00000007c16b0000,0x00000007c16b0000,0x00000007d6480000)
  from space 341760K, 0% used [0x00000007d6480000,0x00000007d6480000,0x00000007eb240000)
  to   space 341760K, 0% used [0x00000007eb240000,0x00000007eb240000,0x0000000800000000)
 ParOldGen       total 2050752K, used 1664685K [0x0000000744400000, 0x00000007c16b0000, 0x00000007c16b0000)
  object space 2050752K, 81% used [0x0000000744400000,0x00000007a9dab668,0x00000007c16b0000)
 PSPermGen       total 21248K, used 4503K [0x000000073f200000, 0x00000007406c0000, 0x0000000744400000)
  object space 21248K, 21% used [0x000000073f200000,0x000000073f665f50,0x00000007406c0000)
}
Event: 24.988 GC heap before
{Heap before GC invocations=34 (full 6):
 PSYoungGen      total 683584K, used 341824K [0x00000007c16b0000, 0x0000000800000000, 0x0000000800000000)
  eden space 341824K, 100% used [0x00000007c16b0000,0x00000007d6480000,0x00000007d6480000)
  from space 341760K, 0% used [0x00000007d6480000,0x00000007d6480000,0x00000007eb240000)
  to   space 341760K, 0% used [0x00000007eb240000,0x00000007eb240000,0x0000000800000000)
 ParOldGen       total 2050752K, used 1664685K [0x0000000744400000, 0x00000007c16b0000, 0x00000007c16b0000)
  object space 2050752K, 81% used [0x0000000744400000,0x00000007a9dab668,0x00000007c16b0000)
 PSPermGen       total 21248K, used 4915K [0x000000073f200000, 0x00000007406c0000, 0x0000000744400000)
  object space 21248K, 23% used [0x000000073f200000,0x000000073f6ccf30,0x00000007406c0000)
Event: 25.015 GC heap after
Heap after GC invocations=34 (full 6):
 PSYoungGen      total 683584K, used 46950K [0x00000007c16b0000, 0x0000000800000000, 0x0000000800000000)
  eden space 341824K, 0% used [0x00000007c16b0000,0x00000007c16b0000,0x00000007d6480000)
  from space 341760K, 13% used [0x00000007eb240000,0x00000007ee019be8,0x0000000800000000)
  to   space 341760K, 0% used [0x00000007d6480000,0x00000007d6480000,0x00000007eb240000)
 ParOldGen       total 2050752K, used 1664685K [0x0000000744400000, 0x00000007c16b0000, 0x00000007c16b0000)
  object space 2050752K, 81% used [0x0000000744400000,0x00000007a9dab668,0x00000007c16b0000)
 PSPermGen       total 21248K, used 4915K [0x000000073f200000, 0x00000007406c0000, 0x0000000744400000)
  object space 21248K, 23% used [0x000000073f200000,0x000000073f6ccf30,0x00000007406c0000)
}
Event: 25.129 GC heap before
{Heap before GC invocations=35 (full 6):
 PSYoungGen      total 683584K, used 388774K [0x00000007c16b0000, 0x0000000800000000, 0x0000000800000000)
  eden space 341824K, 100% used [0x00000007c16b0000,0x00000007d6480000,0x00000007d6480000)
  from space 341760K, 13% used [0x00000007eb240000,0x00000007ee019be8,0x0000000800000000)
  to   space 341760K, 0% used [0x00000007d6480000,0x00000007d6480000,0x00000007eb240000)
 ParOldGen       total 2050752K, used 1664685K [0x0000000744400000, 0x00000007c16b0000, 0x00000007c16b0000)
  object space 2050752K, 81% used [0x0000000744400000,0x00000007a9dab668,0x00000007c16b0000)
 PSPermGen       total 21248K, used 4932K [0x000000073f200000, 0x00000007406c0000, 0x0000000744400000)
  object space 21248K, 23% used [0x000000073f200000,0x000000073f6d1078,0x00000007406c0000)
Event: 25.152 GC heap after
Heap after GC invocations=35 (full 6):
 PSYoungGen      total 683584K, used 14123K [0x00000007c16b0000, 0x0000000800000000, 0x0000000800000000)
  eden space 341824K, 0% used [0x00000007c16b0000,0x00000007c16b0000,0x00000007d6480000)
  from space 341760K, 4% used [0x00000007d6480000,0x00000007d724ae18,0x00000007eb240000)
  to   space 341760K, 0% used [0x00000007eb240000,0x00000007eb240000,0x0000000800000000)
 ParOldGen       total 2050752K, used 1689116K [0x0000000744400000, 0x00000007c16b0000, 0x00000007c16b0000)
  object space 2050752K, 82% used [0x0000000744400000,0x00000007ab587280,0x00000007c16b0000)
 PSPermGen       total 21248K, used 4932K [0x000000073f200000, 0x00000007406c0000, 0x0000000744400000)
  object space 21248K, 23% used [0x000000073f200000,0x000000073f6d1078,0x00000007406c0000)
}

